<?xml version="1.0" encoding="UTF-8"?>
<!-- Generated by org.testng.reporters.JUnitReportReporter -->
<testsuite skipped="1" hostname="MacBook-Pro" name="com.syntax.class01.HRMSTestCasese" tests="3" failures="0" timestamp="2021-10-29T12:03:10 EDT" time="5.842" errors="0">
  <testcase name="titleValidation" time="2.417" classname="com.syntax.class01.HRMSTestCasese"/>
  <system-out/>
  <testcase name="validLogin" time="3.425" classname="com.syntax.class01.HRMSTestCasese"/>
  <system-out/>
  <testcase name="invalidLogin" classname="com.syntax.class01.HRMSTestCasese">
    <skipped/>
  </testcase> <!-- invalidLogin -->
  <system-out/>
</testsuite> <!-- com.syntax.class01.HRMSTestCasese -->
