<?xml version="1.0" encoding="UTF-8"?>
<!-- Generated by org.testng.reporters.JUnitReportReporter -->
<testsuite skipped="0" hostname="MacBook-Pro.local" name="com.syntax.class01.Task" tests="2" failures="0" timestamp="2022-08-16T22:15:33 EDT" time="9.390" errors="0">
  <testcase name="validLogin" time="4.990" classname="com.syntax.class01.Task"/>
  <system-out/>
  <testcase name="logoValidation" time="4.400" classname="com.syntax.class01.Task"/>
  <system-out/>
</testsuite> <!-- com.syntax.class01.Task -->
