<?xml version="1.0" encoding="UTF-8"?>
<!-- Generated by org.testng.reporters.JUnitReportReporter -->
<testsuite skipped="0" hostname="MacBook-Pro" name="com.syntax.class02.allAnnotation" tests="2" failures="0" timestamp="2021-10-29T14:15:52 EDT" time="0.011" errors="0">
  <testcase name="testMethod" time="0.003" classname="com.syntax.class02.allAnnotation"/>
  <system-out/>
  <testcase name="testMethod" time="0.008" classname="com.syntax.class02.allAnnotation"/>
  <system-out/>
</testsuite> <!-- com.syntax.class02.allAnnotation -->
