<?xml version="1.0" encoding="UTF-8"?>
<!-- Generated by org.testng.reporters.JUnitReportReporter -->
<testsuite skipped="0" hostname="MacBook-Pro" name="com.syntax.class03.GroupsExample" tests="1" failures="0" timestamp="2022-08-25T10:44:53 EDT" time="8.480" errors="0">
  <testcase name="validLogin" time="8.480" classname="com.syntax.class03.GroupsExample"/>
  <system-out/>
</testsuite> <!-- com.syntax.class03.GroupsExample -->
