<?xml version="1.0" encoding="UTF-8"?>
<!-- Generated by org.testng.reporters.JUnitReportReporter -->
<testsuite skipped="1" hostname="MacBook-Pro.local" name="com.syntax.class01.HRMSTestCasese" tests="3" failures="0" timestamp="2022-08-16T21:04:03 EDT" time="16.065" errors="0">
  <testcase name="titleValidation" time="11.095" classname="com.syntax.class01.HRMSTestCasese"/>
  <system-out/>
  <testcase name="validLogin" time="4.970" classname="com.syntax.class01.HRMSTestCasese"/>
  <system-out/>
  <testcase name="invalidLogin" classname="com.syntax.class01.HRMSTestCasese">
    <skipped/>
  </testcase> <!-- invalidLogin -->
  <system-out/>
</testsuite> <!-- com.syntax.class01.HRMSTestCasese -->
