<?xml version="1.0" encoding="UTF-8"?>
<!-- Generated by org.testng.reporters.JUnitReportReporter -->
<testsuite skipped="0" hostname="MacBook-Pro" name="com.syntax.class02.Dependency" tests="2" failures="0" timestamp="2022-09-05T10:24:25 EDT" time="6.768" errors="0">
  <testcase name="invalidLogin" time="2.392" classname="com.syntax.class02.Dependency"/>
  <system-out/>
  <testcase name="validLogin" time="4.376" classname="com.syntax.class02.Dependency"/>
  <system-out/>
</testsuite> <!-- com.syntax.class02.Dependency -->
