<?xml version="1.0" encoding="UTF-8"?>
<!-- Generated by org.testng.reporters.JUnitReportReporter -->
<testsuite skipped="0" hostname="MacBook-Pro" name="com.syntax.class02.task" tests="2" failures="0" timestamp="2022-08-23T10:48:05 EDT" time="5.382" errors="0">
  <testcase name="labelsDisplayed" time="3.834" classname="com.syntax.class02.task"/>
  <system-out/>
  <testcase name="Login" time="1.548" classname="com.syntax.class02.task"/>
  <system-out/>
</testsuite> <!-- com.syntax.class02.task -->
