<?xml version="1.0" encoding="UTF-8"?>
<!-- Generated by org.testng.reporters.JUnitReportReporter -->
<testsuite skipped="0" hostname="MacBook-Pro.local" name="com.syntax.class01.TestIntro" tests="4" failures="0" timestamp="2022-08-16T20:34:30 EDT" time="0.028" errors="0">
  <testcase name="testThree" time="0.005" classname="com.syntax.class01.TestIntro"/>
  <system-out/>
  <testcase name="testOne" time="0.004" classname="com.syntax.class01.TestIntro"/>
  <system-out/>
  <testcase name="testTwo" time="0.004" classname="com.syntax.class01.TestIntro"/>
  <system-out/>
  <testcase name="testFour" time="0.015" classname="com.syntax.class01.TestIntro"/>
  <system-out/>
</testsuite> <!-- com.syntax.class01.TestIntro -->
