<?xml version="1.0" encoding="UTF-8"?>
<!-- Generated by org.testng.reporters.JUnitReportReporter -->
<testsuite skipped="0" hostname="MacBook-Pro" name="com.syntax.class02.allAnnotation" tests="1" failures="0" timestamp="2022-09-05T10:52:52 EDT" time="0.016" errors="0">
  <testcase name="testMethod" time="0.016" classname="com.syntax.class02.allAnnotation"/>
  <system-out/>
</testsuite> <!-- com.syntax.class02.allAnnotation -->
