<?xml version="1.0" encoding="UTF-8"?>
<!-- Generated by org.testng.reporters.JUnitReportReporter -->
<testsuite skipped="0" hostname="MacBook-Pro.local" name="com.syntax.class01.DifferentAnnotationsRecap" tests="3" failures="0" timestamp="2022-08-16T20:56:14 EDT" time="0.035" errors="0">
  <testcase name="testMethod2" time="0.006" classname="com.syntax.class01.DifferentAnnotationsRecap"/>
  <system-out/>
  <testcase name="testMethod" time="0.010" classname="com.syntax.class01.DifferentAnnotationsRecap"/>
  <system-out/>
  <testcase name="testMethod3" time="0.019" classname="com.syntax.class01.DifferentAnnotationsRecap"/>
  <system-out/>
</testsuite> <!-- com.syntax.class01.DifferentAnnotationsRecap -->
