<?xml version="1.0" encoding="UTF-8"?>
<!-- Generated by org.testng.reporters.JUnitReportReporter -->
<testsuite skipped="0" hostname="MacBook-Pro" name="com.syntax.class02.Dependency" tests="1" failures="0" timestamp="2021-10-29T17:07:59 EDT" time="3.584" errors="0">
  <testcase name="validLogin" time="3.584" classname="com.syntax.class02.Dependency"/>
  <system-out/>
</testsuite> <!-- com.syntax.class02.Dependency -->
