<?xml version="1.0" encoding="UTF-8"?>
<!-- Generated by org.testng.reporters.JUnitReportReporter -->
<testsuite skipped="0" hostname="MacBook-Pro" name="com.syntax.class01.differentAnnotations" tests="3" failures="0" timestamp="2021-10-29T10:37:51 EDT" time="0.011" errors="0">
  <testcase name="testmethod3" time="0.003" classname="com.syntax.class01.differentAnnotations"/>
  <system-out/>
  <testcase name="testMethod" time="0.005" classname="com.syntax.class01.differentAnnotations"/>
  <system-out/>
  <testcase name="testMethod2" time="0.003" classname="com.syntax.class01.differentAnnotations"/>
  <system-out/>
</testsuite> <!-- com.syntax.class01.differentAnnotations -->
