<?xml version="1.0" encoding="UTF-8"?>
<!-- Generated by org.testng.reporters.JUnitReportReporter -->
<testsuite skipped="0" hostname="MacBook-Pro" name="com.syntax.class03.GroupsExample" tests="2" failures="0" timestamp="2021-10-29T15:19:38 EDT" time="6.434" errors="0">
  <testcase name="invalidLogin" time="2.820" classname="com.syntax.class03.GroupsExample"/>
  <system-out/>
  <testcase name="validLogin" time="3.614" classname="com.syntax.class03.GroupsExample"/>
  <system-out/>
</testsuite> <!-- com.syntax.class03.GroupsExample -->
