<?xml version="1.0" encoding="UTF-8"?>
<!-- Generated by org.testng.reporters.JUnitReportReporter -->
<testsuite skipped="0" hostname="MacBook-Pro" name="com.syntax.class01.TestNGDependencies" tests="2" failures="0" timestamp="2022-08-23T08:06:35 EDT" time="0.009" errors="0">
  <testcase name="login" time="0.008" classname="com.syntax.class01.TestNGDependencies"/>
  <system-out/>
  <testcase name="checkReport" time="0.001" classname="com.syntax.class01.TestNGDependencies"/>
  <system-out/>
</testsuite> <!-- com.syntax.class01.TestNGDependencies -->
